<?xml version="1.0" encoding="UTF-8" ?>
<testsuite tests="5" failures="0" name="crack.BreakerTest" time="0.024" errors="0" skipped="0">
  <properties>
[...]
</properties>
  <testcase classname="crack.BreakerTest" name="testShort" time="0.022"/>
  <testcase classname="crack.BreakerTest" name="testLong" time="0.001"/>
  <testcase classname="crack.BreakerTest" name="test1" time="0"/>
  <testcase classname="crack.BreakerTest" name="test2" time="0.001"/>
  <testcase classname="crack.BreakerTest" name="test3" time="0"/>
</testsuite>